The system is: Windows - 10.0.22635 - AMD64
Compiling the C compiler identification source file "CMakeCCompilerId.c" succeeded.
Compiler: C:/Program Files/Microsoft Visual Studio/2022/Community/VC/Tools/MSVC/14.33.31629/bin/Hostx86/x86/cl.exe 
Build flags: 
Id flags:  

The output was:
0
Microsoft (R) C/C++ Optimizing Compiler Version 19.33.31630 for x86
Copyright (C) Microsoft Corporation.  All rights reserved.

CMakeCCompilerId.c
Microsoft (R) Incremental Linker Version 14.33.31630.0
Copyright (C) Microsoft Corporation.  All rights reserved.

/out:CMakeCCompilerId.exe 
CMakeCCompilerId.obj 


Compilation of the C compiler identification source "CMakeCCompilerId.c" produced "CMakeCCompilerId.exe"

Compilation of the C compiler identification source "CMakeCCompilerId.c" produced "CMakeCCompilerId.obj"

The C compiler identification is MSVC, found in "C:/Users/markh/OneDrive/Desktop/software analysis/temptemp/cmake-build-debug/CMakeFiles/3.24.2/CompilerIdC/CMakeCCompilerId.exe"

Compiling the CXX compiler identification source file "CMakeCXXCompilerId.cpp" succeeded.
Compiler: C:/Program Files/Microsoft Visual Studio/2022/Community/VC/Tools/MSVC/14.33.31629/bin/Hostx86/x86/cl.exe 
Build flags: 
Id flags:  

The output was:
0
Microsoft (R) C/C++ Optimizing Compiler Version 19.33.31630 for x86
Copyright (C) Microsoft Corporation.  All rights reserved.

CMakeCXXCompilerId.cpp
Microsoft (R) Incremental Linker Version 14.33.31630.0
Copyright (C) Microsoft Corporation.  All rights reserved.

/out:CMakeCXXCompilerId.exe 
CMakeCXXCompilerId.obj 


Compilation of the CXX compiler identification source "CMakeCXXCompilerId.cpp" produced "CMakeCXXCompilerId.exe"

Compilation of the CXX compiler identification source "CMakeCXXCompilerId.cpp" produced "CMakeCXXCompilerId.obj"

The CXX compiler identification is MSVC, found in "C:/Users/markh/OneDrive/Desktop/software analysis/temptemp/cmake-build-debug/CMakeFiles/3.24.2/CompilerIdCXX/CMakeCXXCompilerId.exe"

Detecting C compiler ABI info compiled with the following output:
Change Dir: C:/Users/markh/OneDrive/Desktop/software analysis/temptemp/cmake-build-debug/CMakeFiles/CMakeTmp

Run Build Command(s):D:/clion/CLion 2022.3.1/bin/ninja/win/ninja.exe cmTC_ce4d7 && [1/2] Building C object CMakeFiles\cmTC_ce4d7.dir\CMakeCCompilerABI.c.obj
[2/2] Linking C executable cmTC_ce4d7.exe



Detecting CXX compiler ABI info compiled with the following output:
Change Dir: C:/Users/markh/OneDrive/Desktop/software analysis/temptemp/cmake-build-debug/CMakeFiles/CMakeTmp

Run Build Command(s):D:/clion/CLion 2022.3.1/bin/ninja/win/ninja.exe cmTC_475c7 && [1/2] Building CXX object CMakeFiles\cmTC_475c7.dir\CMakeCXXCompilerABI.cpp.obj
[2/2] Linking CXX executable cmTC_475c7.exe



